<?xml version="1.0" encoding="utf-8"?><testsuites name="pytest tests"><testsuite name="pytest" errors="0" failures="0" skipped="0" tests="6" time="0.912" timestamp="2025-10-20T21:34:35.327052-05:00" hostname="Crispita"><testcase classname="app.tests.test_auth" name="test_password_hash_roundtrip" time="0.046" /><testcase classname="app.tests.test_auth" name="test_login_ok" time="0.274" /><testcase classname="app.tests.test_auth" name="test_login_fail_password_incorrecta" time="0.235" /><testcase classname="app.tests.test_comentarios_flow" name="test_flow_login_y_comentar_producto" time="0.246" /><testcase classname="app.tests.test_productos" name="test_listar_productos_todas" time="0.013" /><testcase classname="app.tests.test_productos" name="test_listar_productos_filtrado_pan" time="0.035" /></testsuite></testsuites>